app/build/intermediates/manifest_merge_blame_file/debug/processDebugMainManifest/manifest-merger-blame-debug-report.txt
1<?xml version="1.0" encoding="utf-8"?>
2<manifest xmlns:android="http://schemas.android.com/apk/res/android"
3    package="com.kairo.assistant.debug"
4    android:versionCode="1"
5    android:versionName="1.0.0" >
6
7    <uses-sdk
8        android:minSdkVersion="26"
9        android:targetSdkVersion="35" />
10
11    <!-- Read SIM cards / carrier names for dual-SIM support -->
12    <uses-permission android:name="android.permission.READ_PHONE_STATE" />
12-->src/main/AndroidManifest.xml:6:5-75
12-->src/main/AndroidManifest.xml:6:22-72
13
14    <!-- Microphone for voice input -->
15    <uses-permission android:name="android.permission.RECORD_AUDIO" />
15-->src/main/AndroidManifest.xml:9:5-71
15-->src/main/AndroidManifest.xml:9:22-68
16
17    <!-- Contact lookup for "call mom", "text dad" -->
18    <uses-permission android:name="android.permission.READ_CONTACTS" />
18-->src/main/AndroidManifest.xml:12:5-72
18-->src/main/AndroidManifest.xml:12:22-69
19
20    <!-- Direct calling (hands-free, no dialer UI) -->
21    <uses-permission android:name="android.permission.CALL_PHONE" />
21-->src/main/AndroidManifest.xml:15:5-69
21-->src/main/AndroidManifest.xml:15:22-66
22
23    <!-- Direct SMS sending -->
24    <uses-permission android:name="android.permission.SEND_SMS" />
24-->src/main/AndroidManifest.xml:18:5-67
24-->src/main/AndroidManifest.xml:18:22-64
25
26    <!-- Alarm setting (normal permission, install-time only) -->
27    <uses-permission android:name="android.permission.SET_ALARM" />
27-->src/main/AndroidManifest.xml:21:5-68
27-->src/main/AndroidManifest.xml:21:22-65
28
29    <!-- List installed apps on Android 11+ -->
30    <uses-permission android:name="android.permission.QUERY_ALL_PACKAGES" />
30-->src/main/AndroidManifest.xml:24:5-25:53
30-->src/main/AndroidManifest.xml:24:22-74
31
32    <!-- Foreground Service permissions -->
33    <uses-permission android:name="android.permission.FOREGROUND_SERVICE" />
33-->src/main/AndroidManifest.xml:28:5-77
33-->src/main/AndroidManifest.xml:28:22-74
34    <uses-permission android:name="android.permission.FOREGROUND_SERVICE_MICROPHONE" />
34-->src/main/AndroidManifest.xml:29:5-88
34-->src/main/AndroidManifest.xml:29:22-85
35    <uses-permission android:name="android.permission.POST_NOTIFICATIONS" />
35-->src/main/AndroidManifest.xml:30:5-77
35-->src/main/AndroidManifest.xml:30:22-74
36
37    <permission
37-->[androidx.core:core:1.16.0] AndroidManifest.xml:22:5-24:47
38        android:name="com.kairo.assistant.debug.DYNAMIC_RECEIVER_NOT_EXPORTED_PERMISSION"
38-->[androidx.core:core:1.16.0] AndroidManifest.xml:23:9-81
39        android:protectionLevel="signature" />
39-->[androidx.core:core:1.16.0] AndroidManifest.xml:24:9-44
40
41    <uses-permission android:name="com.kairo.assistant.debug.DYNAMIC_RECEIVER_NOT_EXPORTED_PERMISSION" />
41-->[androidx.core:core:1.16.0] AndroidManifest.xml:26:5-97
41-->[androidx.core:core:1.16.0] AndroidManifest.xml:26:22-94
42
43    <application
43-->src/main/AndroidManifest.xml:32:5-77:19
44        android:name="com.kairo.assistant.KairoApplication"
44-->src/main/AndroidManifest.xml:33:9-41
45        android:allowBackup="true"
45-->src/main/AndroidManifest.xml:34:9-35
46        android:appComponentFactory="androidx.core.app.CoreComponentFactory"
46-->[androidx.core:core:1.16.0] AndroidManifest.xml:28:18-86
47        android:debuggable="true"
48        android:extractNativeLibs="false"
49        android:icon="@mipmap/ic_launcher"
49-->src/main/AndroidManifest.xml:35:9-43
50        android:label="@string/app_name"
50-->src/main/AndroidManifest.xml:36:9-41
51        android:roundIcon="@mipmap/ic_launcher_round"
51-->src/main/AndroidManifest.xml:37:9-54
52        android:supportsRtl="true"
52-->src/main/AndroidManifest.xml:38:9-35
53        android:testOnly="true"
54        android:theme="@style/Theme.Kairo" >
54-->src/main/AndroidManifest.xml:39:9-43
55        <activity
55-->src/main/AndroidManifest.xml:42:9-55:20
56            android:name="com.kairo.assistant.MainActivity"
56-->src/main/AndroidManifest.xml:43:13-41
57            android:exported="true"
57-->src/main/AndroidManifest.xml:44:13-36
58            android:theme="@style/Theme.Kairo"
58-->src/main/AndroidManifest.xml:45:13-47
59            android:windowSoftInputMode="adjustResize" >
59-->src/main/AndroidManifest.xml:46:13-55
60            <intent-filter>
60-->src/main/AndroidManifest.xml:47:13-50:29
61                <action android:name="android.intent.action.MAIN" />
61-->src/main/AndroidManifest.xml:48:17-69
61-->src/main/AndroidManifest.xml:48:25-66
62
63                <category android:name="android.intent.category.LAUNCHER" />
63-->src/main/AndroidManifest.xml:49:17-77
63-->src/main/AndroidManifest.xml:49:27-74
64            </intent-filter>
65            <intent-filter>
65-->src/main/AndroidManifest.xml:51:13-54:29
66                <action android:name="android.intent.action.ASSIST" />
66-->src/main/AndroidManifest.xml:52:17-71
66-->src/main/AndroidManifest.xml:52:25-68
67
68                <category android:name="android.intent.category.DEFAULT" />
68-->src/main/AndroidManifest.xml:53:17-76
68-->src/main/AndroidManifest.xml:53:27-73
69            </intent-filter>
70        </activity>
71
72        <service
72-->src/main/AndroidManifest.xml:57:9-61:58
73            android:name="com.kairo.assistant.service.KairoWakeWordService"
73-->src/main/AndroidManifest.xml:58:13-57
74            android:enabled="true"
74-->src/main/AndroidManifest.xml:59:13-35
75            android:exported="false"
75-->src/main/AndroidManifest.xml:60:13-37
76            android:foregroundServiceType="microphone" />
76-->src/main/AndroidManifest.xml:61:13-55
77
78        <receiver
78-->src/main/AndroidManifest.xml:63:9-75:20
79            android:name="com.kairo.assistant.receiver.KairoDeviceAdminReceiver"
79-->src/main/AndroidManifest.xml:64:13-62
80            android:description="@string/device_admin_description"
80-->src/main/AndroidManifest.xml:66:13-67
81            android:exported="true"
81-->src/main/AndroidManifest.xml:68:13-36
82            android:label="@string/device_admin_label"
82-->src/main/AndroidManifest.xml:65:13-55
83            android:permission="android.permission.BIND_DEVICE_ADMIN" >
83-->src/main/AndroidManifest.xml:67:13-70
84            <meta-data
84-->src/main/AndroidManifest.xml:69:13-71:65
85                android:name="android.app.device_admin"
85-->src/main/AndroidManifest.xml:70:17-56
86                android:resource="@xml/device_admin_policies" />
86-->src/main/AndroidManifest.xml:71:17-62
87
88            <intent-filter>
88-->src/main/AndroidManifest.xml:72:13-74:29
89                <action android:name="android.app.action.DEVICE_ADMIN_ENABLED" />
89-->src/main/AndroidManifest.xml:73:17-82
89-->src/main/AndroidManifest.xml:73:25-79
90            </intent-filter>
91        </receiver>
92
93        <activity
93-->[androidx.compose.ui:ui-tooling-android:1.8.3] AndroidManifest.xml:23:9-25:39
94            android:name="androidx.compose.ui.tooling.PreviewActivity"
94-->[androidx.compose.ui:ui-tooling-android:1.8.3] AndroidManifest.xml:24:13-71
95            android:exported="true" />
95-->[androidx.compose.ui:ui-tooling-android:1.8.3] AndroidManifest.xml:25:13-36
96        <activity
96-->[androidx.compose.ui:ui-test-manifest:1.8.3] AndroidManifest.xml:23:9-26:79
97            android:name="androidx.activity.ComponentActivity"
97-->[androidx.compose.ui:ui-test-manifest:1.8.3] AndroidManifest.xml:24:13-63
98            android:exported="true"
98-->[androidx.compose.ui:ui-test-manifest:1.8.3] AndroidManifest.xml:25:13-36
99            android:theme="@android:style/Theme.Material.Light.NoActionBar" />
99-->[androidx.compose.ui:ui-test-manifest:1.8.3] AndroidManifest.xml:26:13-76
100
101        <provider
101-->[androidx.emoji2:emoji2:1.4.0] AndroidManifest.xml:24:9-32:20
102            android:name="androidx.startup.InitializationProvider"
102-->[androidx.emoji2:emoji2:1.4.0] AndroidManifest.xml:25:13-67
103            android:authorities="com.kairo.assistant.debug.androidx-startup"
103-->[androidx.emoji2:emoji2:1.4.0] AndroidManifest.xml:26:13-68
104            android:exported="false" >
104-->[androidx.emoji2:emoji2:1.4.0] AndroidManifest.xml:27:13-37
105            <meta-data
105-->[androidx.emoji2:emoji2:1.4.0] AndroidManifest.xml:29:13-31:52
106                android:name="androidx.emoji2.text.EmojiCompatInitializer"
106-->[androidx.emoji2:emoji2:1.4.0] AndroidManifest.xml:30:17-75
107                android:value="androidx.startup" />
107-->[androidx.emoji2:emoji2:1.4.0] AndroidManifest.xml:31:17-49
108            <meta-data
108-->[androidx.lifecycle:lifecycle-process:2.9.0] AndroidManifest.xml:29:13-31:52
109                android:name="androidx.lifecycle.ProcessLifecycleInitializer"
109-->[androidx.lifecycle:lifecycle-process:2.9.0] AndroidManifest.xml:30:17-78
110                android:value="androidx.startup" />
110-->[androidx.lifecycle:lifecycle-process:2.9.0] AndroidManifest.xml:31:17-49
111            <meta-data
111-->[androidx.profileinstaller:profileinstaller:1.4.0] AndroidManifest.xml:29:13-31:52
112                android:name="androidx.profileinstaller.ProfileInstallerInitializer"
112-->[androidx.profileinstaller:profileinstaller:1.4.0] AndroidManifest.xml:30:17-85
113                android:value="androidx.startup" />
113-->[androidx.profileinstaller:profileinstaller:1.4.0] AndroidManifest.xml:31:17-49
114        </provider>
115
116        <receiver
116-->[androidx.profileinstaller:profileinstaller:1.4.0] AndroidManifest.xml:34:9-52:20
117            android:name="androidx.profileinstaller.ProfileInstallReceiver"
117-->[androidx.profileinstaller:profileinstaller:1.4.0] AndroidManifest.xml:35:13-76
118            android:directBootAware="false"
118-->[androidx.profileinstaller:profileinstaller:1.4.0] AndroidManifest.xml:36:13-44
119            android:enabled="true"
119-->[androidx.profileinstaller:profileinstaller:1.4.0] AndroidManifest.xml:37:13-35
120            android:exported="true"
120-->[androidx.profileinstaller:profileinstaller:1.4.0] AndroidManifest.xml:38:13-36
121            android:permission="android.permission.DUMP" >
121-->[androidx.profileinstaller:profileinstaller:1.4.0] AndroidManifest.xml:39:13-57
122            <intent-filter>
122-->[androidx.profileinstaller:profileinstaller:1.4.0] AndroidManifest.xml:40:13-42:29
123                <action android:name="androidx.profileinstaller.action.INSTALL_PROFILE" />
123-->[androidx.profileinstaller:profileinstaller:1.4.0] AndroidManifest.xml:41:17-91
123-->[androidx.profileinstaller:profileinstaller:1.4.0] AndroidManifest.xml:41:25-88
124            </intent-filter>
125            <intent-filter>
125-->[androidx.profileinstaller:profileinstaller:1.4.0] AndroidManifest.xml:43:13-45:29
126                <action android:name="androidx.profileinstaller.action.SKIP_FILE" />
126-->[androidx.profileinstaller:profileinstaller:1.4.0] AndroidManifest.xml:44:17-85
126-->[androidx.profileinstaller:profileinstaller:1.4.0] AndroidManifest.xml:44:25-82
127            </intent-filter>
128            <intent-filter>
128-->[androidx.profileinstaller:profileinstaller:1.4.0] AndroidManifest.xml:46:13-48:29
129                <action android:name="androidx.profileinstaller.action.SAVE_PROFILE" />
129-->[androidx.profileinstaller:profileinstaller:1.4.0] AndroidManifest.xml:47:17-88
129-->[androidx.profileinstaller:profileinstaller:1.4.0] AndroidManifest.xml:47:25-85
130            </intent-filter>
131            <intent-filter>
131-->[androidx.profileinstaller:profileinstaller:1.4.0] AndroidManifest.xml:49:13-51:29
132                <action android:name="androidx.profileinstaller.action.BENCHMARK_OPERATION" />
132-->[androidx.profileinstaller:profileinstaller:1.4.0] AndroidManifest.xml:50:17-95
132-->[androidx.profileinstaller:profileinstaller:1.4.0] AndroidManifest.xml:50:25-92
133            </intent-filter>
134        </receiver>
135    </application>
136
137</manifest>